0 info it worked if it ends with ok
1 verbose cli [ 'C:\\Program Files\\nodejs\\node.exe',
1 verbose cli   'C:\\Program Files\\nodejs\\node_modules\\npm\\bin\\npm-cli.js',
1 verbose cli   'run',
1 verbose cli   'lint:ci' ]
2 info using npm@3.10.10
3 info using node@v6.11.0
4 verbose run-script [ 'prelint:ci', 'lint:ci', 'postlint:ci' ]
5 info lifecycle react-webpack-testing@0.0.1~prelint:ci: react-webpack-testing@0.0.1
6 silly lifecycle react-webpack-testing@0.0.1~prelint:ci: no script for prelint:ci, continuing
7 info lifecycle react-webpack-testing@0.0.1~lint:ci: react-webpack-testing@0.0.1
8 verbose lifecycle react-webpack-testing@0.0.1~lint:ci: unsafe-perm in lifecycle true
9 verbose lifecycle react-webpack-testing@0.0.1~lint:ci: PATH: C:\Program Files\nodejs\node_modules\npm\bin\node-gyp-bin;C:\Users\Gavin\git-repos\react-webpack-testing\node_modules\.bin;C:\Program Files\Java\jdk1.8.0_131\bin;C:\Program Files (x86)\Intel\iCLS Client\;C:\Program Files\Intel\iCLS Client\;C:\Windows\system32;C:\Windows;C:\Windows\System32\Wbem;C:\Windows\System32\WindowsPowerShell\v1.0\;C:\Program Files (x86)\Intel\Intel(R) Management Engine Components\DAL;C:\Program Files\Intel\Intel(R) Management Engine Components\DAL;C:\Program Files (x86)\Intel\Intel(R) Management Engine Components\IPT;C:\Program Files\Intel\Intel(R) Management Engine Components\IPT;C:\Program Files (x86)\NVIDIA Corporation\PhysX\Common;C:\WINDOWS\system32;C:\WINDOWS;C:\WINDOWS\System32\Wbem;C:\WINDOWS\System32\WindowsPowerShell\v1.0\;C:\Program Files\Git\cmd;C:\Program Files\TortoiseGit\bin;C:\Program Files\nodejs\;C:\Ruby24-x64\bin;C:\Users\Gavin\AppData\Local\Microsoft\WindowsApps;C:\Program Files (x86)\Microsoft VS Code\bin;C:\Program Files\Java\jdk1.8.0_131\bin;C:\Program Files\Maven\apache-maven-3.5.0\bin;C:\Program Files\MongoDB\Server\3.4\bin;C:\Program Files\oc;C:\Users\Gavin\AppData\Roaming\npm
10 verbose lifecycle react-webpack-testing@0.0.1~lint:ci: CWD: C:\Users\Gavin\git-repos\react-webpack-testing
11 silly lifecycle react-webpack-testing@0.0.1~lint:ci: Args: [ '/d /s /c',
11 silly lifecycle   'node ./node_modules/eslint/bin/eslint.js -f checkstyle -o ./reports/eslint/eslint.xml ./app/**/*.js' ]
12 silly lifecycle react-webpack-testing@0.0.1~lint:ci: Returned: code: 1  signal: null
13 info lifecycle react-webpack-testing@0.0.1~lint:ci: Failed to exec lint:ci script
14 verbose stack Error: react-webpack-testing@0.0.1 lint:ci: `node ./node_modules/eslint/bin/eslint.js -f checkstyle -o ./reports/eslint/eslint.xml ./app/**/*.js`
14 verbose stack Exit status 1
14 verbose stack     at EventEmitter.<anonymous> (C:\Program Files\nodejs\node_modules\npm\lib\utils\lifecycle.js:255:16)
14 verbose stack     at emitTwo (events.js:106:13)
14 verbose stack     at EventEmitter.emit (events.js:191:7)
14 verbose stack     at ChildProcess.<anonymous> (C:\Program Files\nodejs\node_modules\npm\lib\utils\spawn.js:40:14)
14 verbose stack     at emitTwo (events.js:106:13)
14 verbose stack     at ChildProcess.emit (events.js:191:7)
14 verbose stack     at maybeClose (internal/child_process.js:891:16)
14 verbose stack     at Process.ChildProcess._handle.onexit (internal/child_process.js:226:5)
15 verbose pkgid react-webpack-testing@0.0.1
16 verbose cwd C:\Users\Gavin\git-repos\react-webpack-testing
17 error Windows_NT 10.0.15063
18 error argv "C:\\Program Files\\nodejs\\node.exe" "C:\\Program Files\\nodejs\\node_modules\\npm\\bin\\npm-cli.js" "run" "lint:ci"
19 error node v6.11.0
20 error npm  v3.10.10
21 error code ELIFECYCLE
22 error react-webpack-testing@0.0.1 lint:ci: `node ./node_modules/eslint/bin/eslint.js -f checkstyle -o ./reports/eslint/eslint.xml ./app/**/*.js`
22 error Exit status 1
23 error Failed at the react-webpack-testing@0.0.1 lint:ci script 'node ./node_modules/eslint/bin/eslint.js -f checkstyle -o ./reports/eslint/eslint.xml ./app/**/*.js'.
23 error Make sure you have the latest version of node.js and npm installed.
23 error If you do, this is most likely a problem with the react-webpack-testing package,
23 error not with npm itself.
23 error Tell the author that this fails on your system:
23 error     node ./node_modules/eslint/bin/eslint.js -f checkstyle -o ./reports/eslint/eslint.xml ./app/**/*.js
23 error You can get information on how to open an issue for this project with:
23 error     npm bugs react-webpack-testing
23 error Or if that isn't available, you can get their info via:
23 error     npm owner ls react-webpack-testing
23 error There is likely additional logging output above.
24 verbose exit [ 1, true ]
